This is pdfTeX, Version 3.14159265-2.6-1.40.19 (TeX Live 2019/dev/Debian) (preloaded format=pdflatex 2021.2.15)  14 JUN 2021 15:56
entering extended mode
 restricted \write18 enabled.
 %&-line parsing enabled.
**lessonplan.tex
(./lessonplan.tex
LaTeX2e <2018-12-01>
(/usr/share/texlive/texmf-dist/tex/latex/base/article.cls
Document Class: article 2018/09/03 v1.4i Standard LaTeX document class
(/usr/share/texlive/texmf-dist/tex/latex/base/size10.clo
File: size10.clo 2018/09/03 v1.4i Standard LaTeX file (size option)
)
\c@part=\count80
\c@section=\count81
\c@subsection=\count82
\c@subsubsection=\count83
\c@paragraph=\count84
\c@subparagraph=\count85
\c@figure=\count86
\c@table=\count87
\abovecaptionskip=\skip41
\belowcaptionskip=\skip42
\bibindent=\dimen102
)
(/usr/share/texlive/texmf-dist/tex/latex/base/inputenc.sty
Package: inputenc 2018/08/11 v1.3c Input encoding file
\inpenc@prehook=\toks14
\inpenc@posthook=\toks15
)
(/usr/share/texlive/texmf-dist/tex/latex/graphics/graphicx.sty
Package: graphicx 2017/06/01 v1.1a Enhanced LaTeX Graphics (DPC,SPQR)

(/usr/share/texlive/texmf-dist/tex/latex/graphics/keyval.sty
Package: keyval 2014/10/28 v1.15 key=value parser (DPC)
\KV@toks@=\toks16
)
(/usr/share/texlive/texmf-dist/tex/latex/graphics/graphics.sty
Package: graphics 2017/06/25 v1.2c Standard LaTeX Graphics (DPC,SPQR)

(/usr/share/texlive/texmf-dist/tex/latex/graphics/trig.sty
Package: trig 2016/01/03 v1.10 sin cos tan (DPC)
)
(/usr/share/texlive/texmf-dist/tex/latex/graphics-cfg/graphics.cfg
File: graphics.cfg 2016/06/04 v1.11 sample graphics configuration
)
Package graphics Info: Driver file: pdftex.def on input line 99.

(/usr/share/texlive/texmf-dist/tex/latex/graphics-def/pdftex.def
File: pdftex.def 2018/01/08 v1.0l Graphics/color driver for pdftex
))
\Gin@req@height=\dimen103
\Gin@req@width=\dimen104
)
(/usr/share/texlive/texmf-dist/tex/latex/wrapfig/wrapfig.sty
\wrapoverhang=\dimen105
\WF@size=\dimen106
\c@WF@wrappedlines=\count88
\WF@box=\box27
\WF@everypar=\toks17
Package: wrapfig 2003/01/31  v 3.6
)
(/usr/share/texlive/texmf-dist/tex/latex/base/textcomp.sty
Package: textcomp 2018/08/11 v2.0j Standard LaTeX package
Package textcomp Info: Sub-encoding information:
(textcomp)               5 = only ISO-Adobe without \textcurrency
(textcomp)               4 = 5 + \texteuro
(textcomp)               3 = 4 + \textohm
(textcomp)               2 = 3 + \textestimated + \textcurrency
(textcomp)               1 = TS1 - \textcircled - \t
(textcomp)               0 = TS1 (full)
(textcomp)             Font families with sub-encoding setting implement
(textcomp)             only a restricted character set as indicated.
(textcomp)             Family '?' is the default used for unknown fonts.
(textcomp)             See the documentation for details.
Package textcomp Info: Setting ? sub-encoding to TS1/1 on input line 79.

(/usr/share/texlive/texmf-dist/tex/latex/base/ts1enc.def
File: ts1enc.def 2001/06/05 v3.0e (jk/car/fm) Standard LaTeX file
Now handling font encoding TS1 ...
... processing UTF-8 mapping file for font encoding TS1

(/usr/share/texlive/texmf-dist/tex/latex/base/ts1enc.dfu
File: ts1enc.dfu 2018/10/05 v1.2f UTF-8 support for inputenc
   defining Unicode char U+00A2 (decimal 162)
   defining Unicode char U+00A3 (decimal 163)
   defining Unicode char U+00A4 (decimal 164)
   defining Unicode char U+00A5 (decimal 165)
   defining Unicode char U+00A6 (decimal 166)
   defining Unicode char U+00A7 (decimal 167)
   defining Unicode char U+00A8 (decimal 168)
   defining Unicode char U+00A9 (decimal 169)
   defining Unicode char U+00AA (decimal 170)
   defining Unicode char U+00AC (decimal 172)
   defining Unicode char U+00AE (decimal 174)
   defining Unicode char U+00AF (decimal 175)
   defining Unicode char U+00B0 (decimal 176)
   defining Unicode char U+00B1 (decimal 177)
   defining Unicode char U+00B2 (decimal 178)
   defining Unicode char U+00B3 (decimal 179)
   defining Unicode char U+00B4 (decimal 180)
   defining Unicode char U+00B5 (decimal 181)
   defining Unicode char U+00B6 (decimal 182)
   defining Unicode char U+00B7 (decimal 183)
   defining Unicode char U+00B9 (decimal 185)
   defining Unicode char U+00BA (decimal 186)
   defining Unicode char U+00BC (decimal 188)
   defining Unicode char U+00BD (decimal 189)
   defining Unicode char U+00BE (decimal 190)
   defining Unicode char U+00D7 (decimal 215)
   defining Unicode char U+00F7 (decimal 247)
   defining Unicode char U+0192 (decimal 402)
   defining Unicode char U+02C7 (decimal 711)
   defining Unicode char U+02D8 (decimal 728)
   defining Unicode char U+02DD (decimal 733)
   defining Unicode char U+0E3F (decimal 3647)
   defining Unicode char U+2016 (decimal 8214)
   defining Unicode char U+2020 (decimal 8224)
   defining Unicode char U+2021 (decimal 8225)
   defining Unicode char U+2022 (decimal 8226)
   defining Unicode char U+2030 (decimal 8240)
   defining Unicode char U+2031 (decimal 8241)
   defining Unicode char U+203B (decimal 8251)
   defining Unicode char U+203D (decimal 8253)
   defining Unicode char U+2044 (decimal 8260)
   defining Unicode char U+204E (decimal 8270)
   defining Unicode char U+2052 (decimal 8274)
   defining Unicode char U+20A1 (decimal 8353)
   defining Unicode char U+20A4 (decimal 8356)
   defining Unicode char U+20A6 (decimal 8358)
   defining Unicode char U+20A9 (decimal 8361)
   defining Unicode char U+20AB (decimal 8363)
   defining Unicode char U+20AC (decimal 8364)
   defining Unicode char U+20B1 (decimal 8369)
   defining Unicode char U+2103 (decimal 8451)
   defining Unicode char U+2116 (decimal 8470)
   defining Unicode char U+2117 (decimal 8471)
   defining Unicode char U+211E (decimal 8478)
   defining Unicode char U+2120 (decimal 8480)
   defining Unicode char U+2122 (decimal 8482)
   defining Unicode char U+2126 (decimal 8486)
   defining Unicode char U+2127 (decimal 8487)
   defining Unicode char U+212E (decimal 8494)
   defining Unicode char U+2190 (decimal 8592)
   defining Unicode char U+2191 (decimal 8593)
   defining Unicode char U+2192 (decimal 8594)
   defining Unicode char U+2193 (decimal 8595)
   defining Unicode char U+2329 (decimal 9001)
   defining Unicode char U+232A (decimal 9002)
   defining Unicode char U+2422 (decimal 9250)
   defining Unicode char U+25E6 (decimal 9702)
   defining Unicode char U+25EF (decimal 9711)
   defining Unicode char U+266A (decimal 9834)
   defining Unicode char U+FEFF (decimal 65279)
))
LaTeX Info: Redefining \oldstylenums on input line 334.
Package textcomp Info: Setting cmr sub-encoding to TS1/0 on input line 349.
Package textcomp Info: Setting cmss sub-encoding to TS1/0 on input line 350.
Package textcomp Info: Setting cmtt sub-encoding to TS1/0 on input line 351.
Package textcomp Info: Setting cmvtt sub-encoding to TS1/0 on input line 352.
Package textcomp Info: Setting cmbr sub-encoding to TS1/0 on input line 353.
Package textcomp Info: Setting cmtl sub-encoding to TS1/0 on input line 354.
Package textcomp Info: Setting ccr sub-encoding to TS1/0 on input line 355.
Package textcomp Info: Setting ptm sub-encoding to TS1/4 on input line 356.
Package textcomp Info: Setting pcr sub-encoding to TS1/4 on input line 357.
Package textcomp Info: Setting phv sub-encoding to TS1/4 on input line 358.
Package textcomp Info: Setting ppl sub-encoding to TS1/3 on input line 359.
Package textcomp Info: Setting pag sub-encoding to TS1/4 on input line 360.
Package textcomp Info: Setting pbk sub-encoding to TS1/4 on input line 361.
Package textcomp Info: Setting pnc sub-encoding to TS1/4 on input line 362.
Package textcomp Info: Setting pzc sub-encoding to TS1/4 on input line 363.
Package textcomp Info: Setting bch sub-encoding to TS1/4 on input line 364.
Package textcomp Info: Setting put sub-encoding to TS1/5 on input line 365.
Package textcomp Info: Setting uag sub-encoding to TS1/5 on input line 366.
Package textcomp Info: Setting ugq sub-encoding to TS1/5 on input line 367.
Package textcomp Info: Setting ul8 sub-encoding to TS1/4 on input line 368.
Package textcomp Info: Setting ul9 sub-encoding to TS1/4 on input line 369.
Package textcomp Info: Setting augie sub-encoding to TS1/5 on input line 370.
Package textcomp Info: Setting dayrom sub-encoding to TS1/3 on input line 371.
Package textcomp Info: Setting dayroms sub-encoding to TS1/3 on input line 372.

Package textcomp Info: Setting pxr sub-encoding to TS1/0 on input line 373.
Package textcomp Info: Setting pxss sub-encoding to TS1/0 on input line 374.
Package textcomp Info: Setting pxtt sub-encoding to TS1/0 on input line 375.
Package textcomp Info: Setting txr sub-encoding to TS1/0 on input line 376.
Package textcomp Info: Setting txss sub-encoding to TS1/0 on input line 377.
Package textcomp Info: Setting txtt sub-encoding to TS1/0 on input line 378.
Package textcomp Info: Setting lmr sub-encoding to TS1/0 on input line 379.
Package textcomp Info: Setting lmdh sub-encoding to TS1/0 on input line 380.
Package textcomp Info: Setting lmss sub-encoding to TS1/0 on input line 381.
Package textcomp Info: Setting lmssq sub-encoding to TS1/0 on input line 382.
Package textcomp Info: Setting lmvtt sub-encoding to TS1/0 on input line 383.
Package textcomp Info: Setting lmtt sub-encoding to TS1/0 on input line 384.
Package textcomp Info: Setting qhv sub-encoding to TS1/0 on input line 385.
Package textcomp Info: Setting qag sub-encoding to TS1/0 on input line 386.
Package textcomp Info: Setting qbk sub-encoding to TS1/0 on input line 387.
Package textcomp Info: Setting qcr sub-encoding to TS1/0 on input line 388.
Package textcomp Info: Setting qcs sub-encoding to TS1/0 on input line 389.
Package textcomp Info: Setting qpl sub-encoding to TS1/0 on input line 390.
Package textcomp Info: Setting qtm sub-encoding to TS1/0 on input line 391.
Package textcomp Info: Setting qzc sub-encoding to TS1/0 on input line 392.
Package textcomp Info: Setting qhvc sub-encoding to TS1/0 on input line 393.
Package textcomp Info: Setting futs sub-encoding to TS1/4 on input line 394.
Package textcomp Info: Setting futx sub-encoding to TS1/4 on input line 395.
Package textcomp Info: Setting futj sub-encoding to TS1/4 on input line 396.
Package textcomp Info: Setting hlh sub-encoding to TS1/3 on input line 397.
Package textcomp Info: Setting hls sub-encoding to TS1/3 on input line 398.
Package textcomp Info: Setting hlst sub-encoding to TS1/3 on input line 399.
Package textcomp Info: Setting hlct sub-encoding to TS1/5 on input line 400.
Package textcomp Info: Setting hlx sub-encoding to TS1/5 on input line 401.
Package textcomp Info: Setting hlce sub-encoding to TS1/5 on input line 402.
Package textcomp Info: Setting hlcn sub-encoding to TS1/5 on input line 403.
Package textcomp Info: Setting hlcw sub-encoding to TS1/5 on input line 404.
Package textcomp Info: Setting hlcf sub-encoding to TS1/5 on input line 405.
Package textcomp Info: Setting pplx sub-encoding to TS1/3 on input line 406.
Package textcomp Info: Setting pplj sub-encoding to TS1/3 on input line 407.
Package textcomp Info: Setting ptmx sub-encoding to TS1/4 on input line 408.
Package textcomp Info: Setting ptmj sub-encoding to TS1/4 on input line 409.
)
(/usr/share/texlive/texmf-dist/tex/latex/caption/subcaption.sty
Package: subcaption 2018/05/01 v1.1-162 Sub-captions (AR)

(/usr/share/texlive/texmf-dist/tex/latex/caption/caption.sty
Package: caption 2018/10/06 v3.3-154 Customizing captions (AR)

(/usr/share/texlive/texmf-dist/tex/latex/caption/caption3.sty
Package: caption3 2018/09/12 v1.8c caption3 kernel (AR)
Package caption3 Info: TeX engine: e-TeX on input line 64.
\captionmargin=\dimen107
\captionmargin@=\dimen108
\captionwidth=\dimen109
\caption@tempdima=\dimen110
\caption@indent=\dimen111
\caption@parindent=\dimen112
\caption@hangindent=\dimen113
)
\c@caption@flags=\count89
\c@ContinuedFloat=\count90
Package caption Info: wrapfig package is loaded.
)
\c@subfigure=\count91
\c@subtable=\count92
)
(/usr/share/texlive/texmf-dist/tex/latex/geometry/geometry.sty
Package: geometry 2018/04/16 v5.8 Page Geometry

(/usr/share/texlive/texmf-dist/tex/generic/oberdiek/ifpdf.sty
Package: ifpdf 2018/09/07 v3.3 Provides the ifpdf switch
)
(/usr/share/texlive/texmf-dist/tex/generic/oberdiek/ifvtex.sty
Package: ifvtex 2016/05/16 v1.6 Detect VTeX and its facilities (HO)
Package ifvtex Info: VTeX not detected.
)
(/usr/share/texlive/texmf-dist/tex/generic/ifxetex/ifxetex.sty
Package: ifxetex 2010/09/12 v0.6 Provides ifxetex conditional
)
\Gm@cnth=\count93
\Gm@cntv=\count94
\c@Gm@tempcnt=\count95
\Gm@bindingoffset=\dimen114
\Gm@wd@mp=\dimen115
\Gm@odd@mp=\dimen116
\Gm@even@mp=\dimen117
\Gm@layoutwidth=\dimen118
\Gm@layoutheight=\dimen119
\Gm@layouthoffset=\dimen120
\Gm@layoutvoffset=\dimen121
\Gm@dimlist=\toks18
)
(/usr/share/texlive/texmf-dist/tex/latex/amsmath/amsmath.sty
Package: amsmath 2018/12/01 v2.17b AMS math features
\@mathmargin=\skip43

For additional information on amsmath, use the `?' option.
(/usr/share/texlive/texmf-dist/tex/latex/amsmath/amstext.sty
Package: amstext 2000/06/29 v2.01 AMS text

(/usr/share/texlive/texmf-dist/tex/latex/amsmath/amsgen.sty
File: amsgen.sty 1999/11/30 v2.0 generic functions
\@emptytoks=\toks19
\ex@=\dimen122
))
(/usr/share/texlive/texmf-dist/tex/latex/amsmath/amsbsy.sty
Package: amsbsy 1999/11/29 v1.2d Bold Symbols
\pmbraise@=\dimen123
)
(/usr/share/texlive/texmf-dist/tex/latex/amsmath/amsopn.sty
Package: amsopn 2016/03/08 v2.02 operator names
)
\inf@bad=\count96
LaTeX Info: Redefining \frac on input line 223.
\uproot@=\count97
\leftroot@=\count98
LaTeX Info: Redefining \overline on input line 385.
\classnum@=\count99
\DOTSCASE@=\count100
LaTeX Info: Redefining \ldots on input line 482.
LaTeX Info: Redefining \dots on input line 485.
LaTeX Info: Redefining \cdots on input line 606.
\Mathstrutbox@=\box28
\strutbox@=\box29
\big@size=\dimen124
LaTeX Font Info:    Redeclaring font encoding OML on input line 729.
LaTeX Font Info:    Redeclaring font encoding OMS on input line 730.
\macc@depth=\count101
\c@MaxMatrixCols=\count102
\dotsspace@=\muskip10
\c@parentequation=\count103
\dspbrk@lvl=\count104
\tag@help=\toks20
\row@=\count105
\column@=\count106
\maxfields@=\count107
\andhelp@=\toks21
\eqnshift@=\dimen125
\alignsep@=\dimen126
\tagshift@=\dimen127
\tagwidth@=\dimen128
\totwidth@=\dimen129
\lineht@=\dimen130
\@envbody=\toks22
\multlinegap=\skip44
\multlinetaggap=\skip45
\mathdisplay@stack=\toks23
LaTeX Info: Redefining \[ on input line 2844.
LaTeX Info: Redefining \] on input line 2845.
)
(/usr/share/texlive/texmf-dist/tex/latex/apacite/apacite.sty
Package: apacite 2013/07/21 v6.03 APA citation
\c@BibCnt=\count108
\bibleftmargin=\skip46
\bibindent=\skip47
\bibparsep=\skip48
\bibitemsep=\skip49
\biblabelsep=\skip50
)
(/usr/share/texlive/texmf-dist/tex/latex/tools/array.sty
Package: array 2018/12/30 v2.4k Tabular extension package (FMi)
\col@sep=\dimen131
\ar@mcellbox=\box30
\extrarowheight=\dimen132
\NC@list=\toks24
\extratabsurround=\skip51
\backup@length=\skip52
\ar@cellbox=\box31
)
(/usr/share/texlive/texmf-dist/tex/latex/xcolor/xcolor.sty
Package: xcolor 2016/05/11 v2.12 LaTeX color extensions (UK)

(/usr/share/texlive/texmf-dist/tex/latex/graphics-cfg/color.cfg
File: color.cfg 2016/01/02 v1.6 sample color configuration
)
Package xcolor Info: Driver file: pdftex.def on input line 225.

(/usr/share/texlive/texmf-dist/tex/latex/colortbl/colortbl.sty
Package: colortbl 2018/12/12 v1.0d Color table columns (DPC)
\everycr=\toks25
\minrowclearance=\skip53
)
\rownum=\count109
Package xcolor Info: Model `cmy' substituted by `cmy0' on input line 1348.
Package xcolor Info: Model `hsb' substituted by `rgb' on input line 1352.
Package xcolor Info: Model `RGB' extended on input line 1364.
Package xcolor Info: Model `HTML' substituted by `rgb' on input line 1366.
Package xcolor Info: Model `Hsb' substituted by `hsb' on input line 1367.
Package xcolor Info: Model `tHsb' substituted by `hsb' on input line 1368.
Package xcolor Info: Model `HSB' substituted by `hsb' on input line 1369.
Package xcolor Info: Model `Gray' substituted by `gray' on input line 1370.
Package xcolor Info: Model `wave' substituted by `hsb' on input line 1371.
)
(/usr/share/texlive/texmf-dist/tex/latex/float/float.sty
Package: float 2001/11/08 v1.3d Float enhancements (AL)
\c@float@type=\count110
\float@exts=\toks26
\float@box=\box32
\@float@everytoks=\toks27
\@floatcapt=\box33
)
(/usr/share/texlive/texmf-dist/tex/latex/amsfonts/amssymb.sty
Package: amssymb 2013/01/14 v3.01 AMS font symbols

(/usr/share/texlive/texmf-dist/tex/latex/amsfonts/amsfonts.sty
Package: amsfonts 2013/01/14 v3.01 Basic AMSFonts support
\symAMSa=\mathgroup4
\symAMSb=\mathgroup5
LaTeX Font Info:    Overwriting math alphabet `\mathfrak' in version `bold'
(Font)                  U/euf/m/n --> U/euf/b/n on input line 106.
))
(/usr/share/texlive/texmf-dist/tex/latex/fancyhdr/fancyhdr.sty
Package: fancyhdr 2019/01/31 v3.10 Extensive control of page headers and footer
s
\f@nch@headwidth=\skip54
\f@nch@O@elh=\skip55
\f@nch@O@erh=\skip56
\f@nch@O@olh=\skip57
\f@nch@O@orh=\skip58
\f@nch@O@elf=\skip59
\f@nch@O@erf=\skip60
\f@nch@O@olf=\skip61
\f@nch@O@orf=\skip62
)
(/usr/share/texlive/texmf-dist/tex/latex/listings/listings.sty
\lst@mode=\count111
\lst@gtempboxa=\box34
\lst@token=\toks28
\lst@length=\count112
\lst@currlwidth=\dimen133
\lst@column=\count113
\lst@pos=\count114
\lst@lostspace=\dimen134
\lst@width=\dimen135
\lst@newlines=\count115
\lst@lineno=\count116
\lst@maxwidth=\dimen136

(/usr/share/texlive/texmf-dist/tex/latex/listings/lstmisc.sty
File: lstmisc.sty 2018/09/02 1.7 (Carsten Heinz)
\c@lstnumber=\count117
\lst@skipnumbers=\count118
\lst@framebox=\box35
)
(/usr/share/texlive/texmf-dist/tex/latex/listings/listings.cfg
File: listings.cfg 2018/09/02 1.7 listings configuration
))
Package: listings 2018/09/02 1.7 (Carsten Heinz)
\@float@every@table=\toks29

(./lessonplan.aux)
\openout1 = `lessonplan.aux'.

LaTeX Font Info:    Checking defaults for OML/cmm/m/it on input line 26.
LaTeX Font Info:    ... okay on input line 26.
LaTeX Font Info:    Checking defaults for T1/cmr/m/n on input line 26.
LaTeX Font Info:    ... okay on input line 26.
LaTeX Font Info:    Checking defaults for OT1/cmr/m/n on input line 26.
LaTeX Font Info:    ... okay on input line 26.
LaTeX Font Info:    Checking defaults for OMS/cmsy/m/n on input line 26.
LaTeX Font Info:    ... okay on input line 26.
LaTeX Font Info:    Checking defaults for OMX/cmex/m/n on input line 26.
LaTeX Font Info:    ... okay on input line 26.
LaTeX Font Info:    Checking defaults for U/cmr/m/n on input line 26.
LaTeX Font Info:    ... okay on input line 26.
LaTeX Font Info:    Checking defaults for TS1/cmr/m/n on input line 26.
LaTeX Font Info:    Try loading font information for TS1+cmr on input line 26.
 (/usr/share/texlive/texmf-dist/tex/latex/base/ts1cmr.fd
File: ts1cmr.fd 2014/09/29 v2.5h Standard LaTeX font definitions
)
LaTeX Font Info:    ... okay on input line 26.

(/usr/share/texlive/texmf-dist/tex/context/base/mkii/supp-pdf.mkii
[Loading MPS to PDF converter (version 2006.09.02).]
\scratchcounter=\count119
\scratchdimen=\dimen137
\scratchbox=\box36
\nofMPsegments=\count120
\nofMParguments=\count121
\everyMPshowfont=\toks30
\MPscratchCnt=\count122
\MPscratchDim=\dimen138
\MPnumerator=\count123
\makeMPintoPDFobject=\count124
\everyMPtoPDFconversion=\toks31
) (/usr/share/texlive/texmf-dist/tex/latex/oberdiek/epstopdf-base.sty
Package: epstopdf-base 2016/05/15 v2.6 Base part for package epstopdf

(/usr/share/texlive/texmf-dist/tex/generic/oberdiek/infwarerr.sty
Package: infwarerr 2016/05/16 v1.4 Providing info/warning/error messages (HO)
)
(/usr/share/texlive/texmf-dist/tex/latex/oberdiek/grfext.sty
Package: grfext 2016/05/16 v1.2 Manage graphics extensions (HO)

(/usr/share/texlive/texmf-dist/tex/generic/oberdiek/kvdefinekeys.sty
Package: kvdefinekeys 2016/05/16 v1.4 Define keys (HO)

(/usr/share/texlive/texmf-dist/tex/generic/oberdiek/ltxcmds.sty
Package: ltxcmds 2016/05/16 v1.23 LaTeX kernel commands for general use (HO)
)))
(/usr/share/texlive/texmf-dist/tex/latex/oberdiek/kvoptions.sty
Package: kvoptions 2016/05/16 v3.12 Key value format for package options (HO)

(/usr/share/texlive/texmf-dist/tex/generic/oberdiek/kvsetkeys.sty
Package: kvsetkeys 2016/05/16 v1.17 Key value parser (HO)

(/usr/share/texlive/texmf-dist/tex/generic/oberdiek/etexcmds.sty
Package: etexcmds 2016/05/16 v1.6 Avoid name clashes with e-TeX commands (HO)

(/usr/share/texlive/texmf-dist/tex/generic/oberdiek/ifluatex.sty
Package: ifluatex 2016/05/16 v1.4 Provides the ifluatex switch (HO)
Package ifluatex Info: LuaTeX not detected.
))))
(/usr/share/texlive/texmf-dist/tex/generic/oberdiek/pdftexcmds.sty
Package: pdftexcmds 2018/09/10 v0.29 Utility functions of pdfTeX for LuaTeX (HO
)
Package pdftexcmds Info: LuaTeX not detected.
Package pdftexcmds Info: \pdf@primitive is available.
Package pdftexcmds Info: \pdf@ifprimitive is available.
Package pdftexcmds Info: \pdfdraftmode found.
)
Package epstopdf-base Info: Redefining graphics rule for `.eps' on input line 4
38.
Package grfext Info: Graphics extension search list:
(grfext)             [.pdf,.png,.jpg,.mps,.jpeg,.jbig2,.jb2,.PDF,.PNG,.JPG,.JPE
G,.JBIG2,.JB2,.eps]
(grfext)             \AppendGraphicsExtensions on input line 456.

(/usr/share/texlive/texmf-dist/tex/latex/latexconfig/epstopdf-sys.cfg
File: epstopdf-sys.cfg 2010/07/13 v1.3 Configuration of (r)epstopdf for TeX Liv
e
))
Package caption Info: Begin \AtBeginDocument code.
Package caption Info: float package is loaded.
Package caption Info: listings package is loaded.
Package caption Info: End \AtBeginDocument code.

*geometry* driver: auto-detecting
*geometry* detected driver: pdftex
*geometry* verbose mode - [ preamble ] result:
* driver: pdftex
* paper: <default>
* layout: <same size as paper>
* layoutoffset:(h,v)=(0.0pt,0.0pt)
* modes: 
* h-part:(L,W,R)=(92.14519pt, 430.00462pt, 92.14519pt)
* v-part:(T,H,B)=(95.39737pt, 556.47656pt, 143.09605pt)
* \paperwidth=614.295pt
* \paperheight=794.96999pt
* \textwidth=430.00462pt
* \textheight=556.47656pt
* \oddsidemargin=19.8752pt
* \evensidemargin=19.8752pt
* \topmargin=-13.87262pt
* \headheight=12.0pt
* \headsep=25.0pt
* \topskip=10.0pt
* \footskip=30.0pt
* \marginparwidth=65.0pt
* \marginparsep=11.0pt
* \columnsep=10.0pt
* \skip\footins=9.0pt plus 4.0pt minus 2.0pt
* \hoffset=0.0pt
* \voffset=0.0pt
* \mag=1000
* \@twocolumnfalse
* \@twosidefalse
* \@mparswitchfalse
* \@reversemarginfalse
* (1in=72.27pt=25.4mm, 1cm=28.453pt)

\c@maskedRefs=\count125
(/usr/share/texlive/texmf-dist/tex/latex/apacite/english.apc
File: english.apc 2013/07/21 v6.03 apacite language file
LaTeX Info: Redefining \BPBI on input line 129.
LaTeX Info: Redefining \BHBI on input line 130.
)
\c@lstlisting=\count126
LaTeX Font Info:    Try loading font information for U+msa on input line 28.

(/usr/share/texlive/texmf-dist/tex/latex/amsfonts/umsa.fd
File: umsa.fd 2013/01/14 v3.01 AMS symbols A
)
LaTeX Font Info:    Try loading font information for U+msb on input line 28.

(/usr/share/texlive/texmf-dist/tex/latex/amsfonts/umsb.fd
File: umsb.fd 2013/01/14 v3.01 AMS symbols B
) (./lessonplan.toc)
\tf@toc=\write3
\openout3 = `lessonplan.toc'.


[1

{/var/lib/texmf/fonts/map/pdftex/updmap/pdftex.map}]
*geometry* verbose mode - [ newgeometry ] result:
* driver: pdftex
* paper: <default>
* layout: <same size as paper>
* layoutoffset:(h,v)=(0.0pt,0.0pt)
* modes: 
* h-part:(L,W,R)=(71.13188pt, 472.03123pt, 71.13188pt)
* v-part:(T,H,B)=(71.13188pt, 638.47984pt, 85.35826pt)
* \paperwidth=614.295pt
* \paperheight=794.96999pt
* \textwidth=472.03123pt
* \textheight=638.47984pt
* \oddsidemargin=-1.1381pt
* \evensidemargin=-1.1381pt
* \topmargin=-38.1381pt
* \headheight=12.0pt
* \headsep=25.0pt
* \topskip=10.0pt
* \footskip=30.0pt
* \marginparwidth=65.0pt
* \marginparsep=11.0pt
* \columnsep=10.0pt
* \skip\footins=9.0pt plus 4.0pt minus 2.0pt
* \hoffset=0.0pt
* \voffset=0.0pt
* \mag=1000
* \@twocolumnfalse
* \@twosidefalse
* \@mparswitchfalse
* \@reversemarginfalse
* (1in=72.27pt=25.4mm, 1cm=28.453pt)


Underfull \hbox (badness 10000) in paragraph at lines 41--42

 []

[2

]
Underfull \hbox (badness 10000) in paragraph at lines 58--59

 []


Overfull \hbox (2.93365pt too wide) in paragraph at lines 67--82
 [] 
 []


Underfull \hbox (badness 10000) in paragraph at lines 87--88

 []

<images/part1/folderconnection.PNG, id=14, 639.13782pt x 297.36093pt>
File: images/part1/folderconnection.PNG Graphic file (type png)
<use images/part1/folderconnection.PNG>
Package pdftex.def Info: images/part1/folderconnection.PNG  used on input line 
92.
(pdftex.def)             Requested size: 301.1261pt x 140.09995pt.

Underfull \hbox (badness 10000) in paragraph at lines 96--97

 []

[3 <./images/part1/folderconnection.PNG>]
<images/part1/rawdata.PNG, id=23, 1915.9078pt x 1176.64594pt>
File: images/part1/rawdata.PNG Graphic file (type png)
<use images/part1/rawdata.PNG>
Package pdftex.def Info: images/part1/rawdata.PNG  used on input line 103.
(pdftex.def)             Requested size: 250.93842pt x 154.10045pt.

Overfull \hbox (62.12881pt too wide) in paragraph at lines 103--105
 [][] 
 []

<images/part1/newshp_catalog.PNG, id=24, 474.27188pt x 575.90157pt>
File: images/part1/newshp_catalog.PNG Graphic file (type png)
<use images/part1/newshp_catalog.PNG>
Package pdftex.def Info: images/part1/newshp_catalog.PNG  used on input line 11
0.
(pdftex.def)             Requested size: 150.56305pt x 182.82474pt.

Underfull \hbox (badness 10000) in paragraph at lines 115--116

 []

<images/part1/newshp_featurename.PNG, id=25, 264.99pt x 322.95656pt>
File: images/part1/newshp_featurename.PNG Graphic file (type png)
<use images/part1/newshp_featurename.PNG>
Package pdftex.def Info: images/part1/newshp_featurename.PNG  used on input lin
e 122.
(pdftex.def)             Requested size: 130.48798pt x 159.03363pt.
<images/part1/newshp_startediting.PNG, id=26, 350.81062pt x 365.86688pt>
File: images/part1/newshp_startediting.PNG Graphic file (type png)
<use images/part1/newshp_startediting.PNG>
Package pdftex.def Info: images/part1/newshp_startediting.PNG  used on input li
ne 129.
(pdftex.def)             Requested size: 150.56305pt x 157.02939pt.
[4 <./images/part1/rawdata.PNG> <./images/part1/newshp_catalog.PNG> <./images/p
art1/newshp_featurename.PNG> <./images/part1/newshp_startediting.PNG>]
<images/part1/newshp_createfeatures.PNG, id=34, 460.72125pt x 248.42813pt>
File: images/part1/newshp_createfeatures.PNG Graphic file (type png)
<use images/part1/newshp_createfeatures.PNG>
Package pdftex.def Info: images/part1/newshp_createfeatures.PNG  used on input 
line 139.
(pdftex.def)             Requested size: 250.93842pt x 135.30914pt.

Overfull \hbox (62.12881pt too wide) in paragraph at lines 139--141
 [][] 
 []

<images/part1/newshp_drawingpolygon.PNG, id=35, 568.37344pt x 656.4525pt>
File: images/part1/newshp_drawingpolygon.PNG Graphic file (type png)
<use images/part1/newshp_drawingpolygon.PNG>
Package pdftex.def Info: images/part1/newshp_drawingpolygon.PNG  used on input 
line 146.
(pdftex.def)             Requested size: 150.56305pt x 173.89899pt.

Underfull \hbox (badness 10000) in paragraph at lines 151--152

 []

<images/part1/symbology.png, id=36, 840.13875pt x 446.41782pt>
File: images/part1/symbology.png Graphic file (type png)
<use images/part1/symbology.png>
Package pdftex.def Info: images/part1/symbology.png  used on input line 156.
(pdftex.def)             Requested size: 301.1261pt x 160.00867pt.

Underfull \hbox (badness 10000) in paragraph at lines 160--161

 []

[5 <./images/part1/newshp_createfeatures.PNG> <./images/part1/newshp_drawingpol
ygon.PNG> <./images/part1/symbology.PNG>]
Underfull \hbox (badness 10000) in paragraph at lines 165--166

 []

<images/part1/symbology_uniquevalues.PNG, id=43, 499.8675pt x 416.30531pt>
File: images/part1/symbology_uniquevalues.PNG Graphic file (type png)
<use images/part1/symbology_uniquevalues.PNG>
Package pdftex.def Info: images/part1/symbology_uniquevalues.PNG  used on input
 line 172.
(pdftex.def)             Requested size: 200.75073pt x 167.1925pt.
<images/part1/transparency.PNG, id=44, 298.86656pt x 166.37157pt>
File: images/part1/transparency.PNG Graphic file (type png)
<use images/part1/transparency.PNG>
Package pdftex.def Info: images/part1/transparency.PNG  used on input line 179.

(pdftex.def)             Requested size: 150.56305pt x 83.81514pt.

Underfull \hbox (badness 10000) in paragraph at lines 184--185

 []

<images/part1/layoutview.png, id=45, 1064.47687pt x 566.86781pt>
File: images/part1/layoutview.png Graphic file (type png)
<use images/part1/layoutview.png>
Package pdftex.def Info: images/part1/layoutview.png  used on input line 189.
(pdftex.def)             Requested size: 401.50146pt x 213.81181pt.
[6 <./images/part1/symbology_uniquevalues.PNG> <./images/part1/transparency.PNG
> <./images/part1/layoutview.PNG>]
<images/part1/layout_changesize.PNG, id=52, 429.10312pt x 380.92313pt>
File: images/part1/layout_changesize.PNG Graphic file (type png)
<use images/part1/layout_changesize.PNG>
Package pdftex.def Info: images/part1/layout_changesize.PNG  used on input line
 198.
(pdftex.def)             Requested size: 200.75073pt x 178.20853pt.
<images/part1/layout_legend.PNG, id=53, 430.60875pt x 322.20375pt>
File: images/part1/layout_legend.PNG Graphic file (type png)
<use images/part1/layout_legend.PNG>
Package pdftex.def Info: images/part1/layout_legend.PNG  used on input line 205
.
(pdftex.def)             Requested size: 180.67566pt x 135.1919pt.

Underfull \hbox (badness 10000) in paragraph at lines 210--211

 []

<images/part1/layout_scalebar.PNG, id=54, 620.3175pt x 368.87813pt>
File: images/part1/layout_scalebar.PNG Graphic file (type png)
<use images/part1/layout_scalebar.PNG>
Package pdftex.def Info: images/part1/layout_scalebar.PNG  used on input line 2
15.
(pdftex.def)             Requested size: 250.93842pt x 149.22032pt.

Underfull \hbox (badness 10000) in paragraph at lines 219--220

 []

<images/part1/sophie_part1.png, id=55, 845.3181pt x 597.6729pt>
File: images/part1/sophie_part1.png Graphic file (type png)
<use images/part1/sophie_part1.png>
Package pdftex.def Info: images/part1/sophie_part1.png  used on input line 226.

(pdftex.def)             Requested size: 501.87683pt x 354.84004pt.

Overfull \hbox (29.8456pt too wide) in paragraph at lines 226--228
 [][] 
 []


LaTeX Warning: `h' float specifier changed to `ht'.

[7 <./images/part1/layout_changesize.PNG> <./images/part1/layout_legend.PNG> <.
/images/part1/layout_scalebar.PNG>] [8 <./images/part1/sophie_part1.png (PNG co
py)>]
Underfull \hbox (badness 10000) in paragraph at lines 240--241

 []


Underfull \hbox (badness 10000) in paragraph at lines 245--246

 []


Overfull \hbox (2.93365pt too wide) in paragraph at lines 249--266
 [] 
 []

<images/part2/rawdata.PNG, id=67, 1169.11781pt x 766.36313pt>
File: images/part2/rawdata.PNG Graphic file (type png)
<use images/part2/rawdata.PNG>
Package pdftex.def Info: images/part2/rawdata.PNG  used on input line 276.
(pdftex.def)             Requested size: 230.86334pt x 151.32875pt.
[9 <./images/part2/rawdata.PNG>]
<images/part2/volcano_buffer.PNG, id=72, 695.59875pt x 506.6428pt>
File: images/part2/volcano_buffer.PNG Graphic file (type png)
<use images/part2/volcano_buffer.PNG>
Package pdftex.def Info: images/part2/volcano_buffer.PNG  used on input line 28
6.
(pdftex.def)             Requested size: 271.01349pt x 197.3889pt.
<images/part2/volcano_buffer_dissolved.PNG, id=73, 692.5875pt x 501.37312pt>
File: images/part2/volcano_buffer_dissolved.PNG Graphic file (type png)
<use images/part2/volcano_buffer_dissolved.PNG>
Package pdftex.def Info: images/part2/volcano_buffer_dissolved.PNG  used on inp
ut line 295.
(pdftex.def)             Requested size: 271.01349pt x 196.19266pt.
 [10 <./images/part2/volcano_buffer.PNG> <./images/part2/volcano_buffer_dissolv
ed.PNG>]
<images/part2/volcano_buffer_output.PNG, id=79, 674.52pt x 748.29562pt>
File: images/part2/volcano_buffer_output.PNG Graphic file (type png)
<use images/part2/volcano_buffer_output.PNG>
Package pdftex.def Info: images/part2/volcano_buffer_output.PNG  used on input 
line 306.
(pdftex.def)             Requested size: 190.7132pt x 211.56517pt.

Overfull \hbox (1.9036pt too wide) in paragraph at lines 306--308
 [][] 
 []

<images/part2/volcano_buffer_dissolved_output.PNG, id=80, 597.73312pt x 752.059
7pt>
File: images/part2/volcano_buffer_dissolved_output.PNG Graphic file (type png)
<use images/part2/volcano_buffer_dissolved_output.PNG>
Package pdftex.def Info: images/part2/volcano_buffer_dissolved_output.PNG  used
 on input line 313.
(pdftex.def)             Requested size: 180.67566pt x 227.31802pt.
<images/part2/selectbylocation.PNG, id=81, 481.04718pt x 428.35031pt>
File: images/part2/selectbylocation.PNG Graphic file (type png)
<use images/part2/selectbylocation.PNG>
Package pdftex.def Info: images/part2/selectbylocation.PNG  used on input line 
325.
(pdftex.def)             Requested size: 200.75073pt x 178.76208pt.

Overfull \hbox (11.94113pt too wide) in paragraph at lines 325--327
 [][] 
 []

<images/part2/selection_all.PNG, id=82, 1109.64563pt x 782.17218pt>
File: images/part2/selection_all.PNG Graphic file (type png)
<use images/part2/selection_all.PNG>
Package pdftex.def Info: images/part2/selection_all.PNG  used on input line 332
.
(pdftex.def)             Requested size: 200.75073pt x 141.501pt.

Overfull \hbox (11.94113pt too wide) in paragraph at lines 332--334
 [][] 
 []

[11 <./images/part2/volcano_buffer_output.PNG> <./images/part2/volcano_buffer_d
issolved_output.PNG> <./images/part2/selectbylocation.PNG> <./images/part2/sele
ction_all.PNG>]
<images/part2/selectbyattributes.PNG, id=90, 405.01312pt x 396.7322pt>
File: images/part2/selectbyattributes.PNG Graphic file (type png)
<use images/part2/selectbyattributes.PNG>
Package pdftex.def Info: images/part2/selectbyattributes.PNG  used on input lin
e 347.
(pdftex.def)             Requested size: 200.75073pt x 196.64636pt.

Overfull \hbox (11.94113pt too wide) in paragraph at lines 347--349
 [][] 
 []

<images/part2/selection_mainland.PNG, id=91, 1097.60063pt x 756.57657pt>
File: images/part2/selection_mainland.PNG Graphic file (type png)
<use images/part2/selection_mainland.PNG>
Package pdftex.def Info: images/part2/selection_mainland.PNG  used on input lin
e 354.
(pdftex.def)             Requested size: 200.75073pt x 138.37134pt.

Overfull \hbox (11.94113pt too wide) in paragraph at lines 354--356
 [][] 
 []

<images/part2/saveselectedfeatures.PNG, id=92, 307.1475pt x 280.04625pt>
File: images/part2/saveselectedfeatures.PNG Graphic file (type png)
<use images/part2/saveselectedfeatures.PNG>
Package pdftex.def Info: images/part2/saveselectedfeatures.PNG  used on input l
ine 366.
(pdftex.def)             Requested size: 200.75073pt x 183.04063pt.

Overfull \hbox (11.94113pt too wide) in paragraph at lines 366--368
 [][] 
 []

<images/part2/selection_mainland_buffer.PNG, id=93, 1085.55562pt x 733.99219pt>

File: images/part2/selection_mainland_buffer.PNG Graphic file (type png)
<use images/part2/selection_mainland_buffer.PNG>
Package pdftex.def Info: images/part2/selection_mainland_buffer.PNG  used on in
put line 373.
(pdftex.def)             Requested size: 200.75073pt x 135.73042pt.

Overfull \hbox (11.94113pt too wide) in paragraph at lines 373--375
 [][] 
 []

[12 <./images/part2/selectbyattributes.PNG> <./images/part2/selection_mainland.
PNG> <./images/part2/saveselectedfeatures.PNG> <./images/part2/selection_mainla
nd_buffer.PNG>]
<images/part2/viewattributetable.PNG, id=101, 860.46469pt x 1103.62312pt>
File: images/part2/viewattributetable.PNG Graphic file (type png)
<use images/part2/viewattributetable.PNG>
Package pdftex.def Info: images/part2/viewattributetable.PNG  used on input lin
e 386.
(pdftex.def)             Requested size: 250.93842pt x 321.84438pt.

Overfull \hbox (14.9228pt too wide) in paragraph at lines 386--388
 [][] 
 []

<images/part2/viewattribute_statistics.PNG, id=102, 220.57407pt x 218.31563pt>
File: images/part2/viewattribute_statistics.PNG Graphic file (type png)
<use images/part2/viewattribute_statistics.PNG>
Package pdftex.def Info: images/part2/viewattribute_statistics.PNG  used on inp
ut line 393.
(pdftex.def)             Requested size: 150.56305pt x 149.02562pt.
[13 <./images/part2/viewattributetable.PNG> <./images/part2/viewattribute_stati
stics.PNG>]
<images/part2/volcano_buffer_2.PNG, id=109, 435.12563pt x 487.06969pt>
File: images/part2/volcano_buffer_2.PNG Graphic file (type png)
<use images/part2/volcano_buffer_2.PNG>
Package pdftex.def Info: images/part2/volcano_buffer_2.PNG  used on input line 
406.
(pdftex.def)             Requested size: 150.56305pt x 168.53716pt.

Overfull \hbox (8.95224pt too wide) in paragraph at lines 406--408
 [][] 
 []

<images/part2/featuretopolygon.PNG, id=110, 685.05937pt x 484.81125pt>
File: images/part2/featuretopolygon.PNG Graphic file (type png)
<use images/part2/featuretopolygon.PNG>
Package pdftex.def Info: images/part2/featuretopolygon.PNG  used on input line 
413.
(pdftex.def)             Requested size: 250.93842pt x 177.58713pt.

Overfull \hbox (14.9228pt too wide) in paragraph at lines 413--415
 [][] 
 []

<images/part2/clip.PNG, id=111, 668.4975pt x 489.32813pt>
File: images/part2/clip.PNG Graphic file (type png)
<use images/part2/clip.PNG>
Package pdftex.def Info: images/part2/clip.PNG  used on input line 423.
(pdftex.def)             Requested size: 250.93842pt x 183.68425pt.
[14 <./images/part2/volcano_buffer_2.PNG> <./images/part2/featuretopolygon.PNG>
 <./images/part2/clip.PNG>]
<images/part2/allbuffers_noclip.PNG, id=118, 1023.07219pt x 729.47531pt>
File: images/part2/allbuffers_noclip.PNG Graphic file (type png)
<use images/part2/allbuffers_noclip.PNG>
Package pdftex.def Info: images/part2/allbuffers_noclip.PNG  used on input line
 434.
(pdftex.def)             Requested size: 301.1261pt x 214.70358pt.
<images/part2/allbuffers_clipped.PNG, id=119, 1087.06125pt x 698.61pt>
File: images/part2/allbuffers_clipped.PNG Graphic file (type png)
<use images/part2/allbuffers_clipped.PNG>
Package pdftex.def Info: images/part2/allbuffers_clipped.PNG  used on input lin
e 443.
(pdftex.def)             Requested size: 301.1261pt x 193.52011pt.
 [15 <./images/part2/allbuffers_noclip.PNG> <./images/part2/allbuffers_clipped.
PNG>]
<images/part2/sophie_part2.png, id=125, 606.3453pt x 582.4962pt>
File: images/part2/sophie_part2.png Graphic file (type png)
<use images/part2/sophie_part2.png>
Package pdftex.def Info: images/part2/sophie_part2.png  used on input line 453.

(pdftex.def)             Requested size: 401.50146pt x 385.70192pt.
 [16 <./images/part2/sophie_part2.png>]
Underfull \hbox (badness 10000) in paragraph at lines 460--461

 []


Underfull \hbox (badness 10000) in paragraph at lines 465--466

 []


Underfull \hbox (badness 6477) in paragraph at lines 481--481
[]|\OT1/cmr/m/n/10 University of Otago
 []


Overfull \hbox (2.93365pt too wide) in paragraph at lines 471--492
 [] 
 []

[17]
<images/part3/createpyramids.PNG, id=133, 309.40594pt x 234.1247pt>
File: images/part3/createpyramids.PNG Graphic file (type png)
<use images/part3/createpyramids.PNG>
Package pdftex.def Info: images/part3/createpyramids.PNG  used on input line 50
6.
(pdftex.def)             Requested size: 180.67566pt x 136.72125pt.
<images/part3/newattribute.PNG, id=134, 328.97906pt x 246.9225pt>
File: images/part3/newattribute.PNG Graphic file (type png)
<use images/part3/newattribute.PNG>
Package pdftex.def Info: images/part3/newattribute.PNG  used on input line 513.

(pdftex.def)             Requested size: 180.67566pt x 135.61186pt.
<images/part3/selection_majorrivers.PNG, id=135, 1527.45656pt x 1058.45438pt>
File: images/part3/selection_majorrivers.PNG Graphic file (type png)
<use images/part3/selection_majorrivers.PNG>
Package pdftex.def Info: images/part3/selection_majorrivers.PNG  used on input 
line 523.
(pdftex.def)             Requested size: 301.1261pt x 208.66695pt.
 [18 <./images/part3/createpyramids.PNG> <./images/part3/newattribute.PNG> <./i
mages/part3/selection_majorrivers.PNG>]
<images/part3/environments.PNG, id=142, 441.14813pt x 654.19406pt>
File: images/part3/environments.PNG Graphic file (type png)
<use images/part3/environments.PNG>
Package pdftex.def Info: images/part3/environments.PNG  used on input line 533.

(pdftex.def)             Requested size: 200.75073pt x 297.69868pt.

Underfull \hbox (badness 10000) in paragraph at lines 537--538

 []


Underfull \hbox (badness 10000) in paragraph at lines 539--540

 []

[19 <./images/part3/environments.PNG>] [20] (./lessonplan.aux) ) 
Here is how much of TeX's memory you used:
 7333 strings out of 492615
 107778 string characters out of 6131390
 181808 words of memory out of 5000000
 11093 multiletter control sequences out of 15000+600000
 12147 words of font info for 47 fonts, out of 8000000 for 9000
 1141 hyphenation exceptions out of 8191
 42i,11n,43p,1424b,377s stack positions out of 5000i,500n,10000p,200000b,80000s
{/usr/share/tex
mf/fonts/enc/dvips/cm-super/cm-super-ts1.enc}</usr/share/texlive/texmf-dist/fon
ts/type1/public/amsfonts/cm/cmbx10.pfb></usr/share/texlive/texmf-dist/fonts/typ
e1/public/amsfonts/cm/cmbx12.pfb></usr/share/texlive/texmf-dist/fonts/type1/pub
lic/amsfonts/cm/cmbx5.pfb></usr/share/texlive/texmf-dist/fonts/type1/public/ams
fonts/cm/cmmi10.pfb></usr/share/texlive/texmf-dist/fonts/type1/public/amsfonts/
cm/cmr10.pfb></usr/share/texlive/texmf-dist/fonts/type1/public/amsfonts/cm/cmr1
2.pfb></usr/share/texlive/texmf-dist/fonts/type1/public/amsfonts/cm/cmr17.pfb><
/usr/share/texlive/texmf-dist/fonts/type1/public/amsfonts/cm/cmr5.pfb></usr/sha
re/texmf/fonts/type1/public/cm-super/sfrm1000.pfb>
Output written on lessonplan.pdf (20 pages, 20027123 bytes).
PDF statistics:
 182 PDF objects out of 1000 (max. 8388607)
 75 compressed objects within 1 object stream
 0 named destinations out of 1000 (max. 500000)
 191 words of extra memory for PDF output out of 10000 (max. 10000000)

